<?xml version="1.0" encoding="UTF-8"?>
<!-- Generated by org.testng.reporters.JUnitXMLReporter -->
<testsuite ignored="2" hostname="TCPIACONS031" failures="0" tests="4" name="Functional Tests" time="21.314" errors="0" timestamp="2025-04-21T16:13:11 TRT">
  <testcase classname="tests.LoginTest" name="lockedOutUserLogin" time="0.741"/>
  <testcase classname="tests.LoginTest" name="problemUser" time="0.951"/>
  <testcase classname="tests.LoginTest" name="successfulLogin" time="1.01"/>
  <testcase classname="tests.ScrollTest" name="validateScrollFunctionality" time="3.582"/>
  <testcase classname="tests.BaseTest" name="@BeforeSuite launchBrowser" time="0.0">
    <ignored/>
  </testcase> <!-- @BeforeSuite launchBrowser -->
  <testcase classname="tests.BaseTest" name="@AfterSuite closeBrowser" time="0.0">
    <ignored/>
  </testcase> <!-- @AfterSuite closeBrowser -->
</testsuite> <!-- Functional Tests -->
