<?xml version="1.0" encoding="UTF-8"?>
<!-- Generated by org.testng.reporters.JUnitXMLReporter -->
<testsuite ignored="0" hostname="TCPIACONS031" failures="0" tests="3" name="Login Tests" time="17.523" errors="0" timestamp="2025-04-21T15:47:23 TRT">
  <testcase classname="tests.LoginTest" name="lockedOutUserLogin" time="1.078"/>
  <testcase classname="tests.LoginTest" name="problemUser" time="1.455"/>
  <testcase classname="tests.LoginTest" name="successfulLogin" time="1.328"/>
</testsuite> <!-- Login Tests -->
