<?xml version="1.0" encoding="UTF-8"?>
<!-- Generated by org.testng.reporters.JUnitXMLReporter -->
<testsuite ignored="2" hostname="TCPIACONS031" failures="0" tests="3" name="Login Tests" time="13.766" errors="0" timestamp="2025-04-18T17:16:52 TRT">
  <testcase classname="tests.LoginTest" name="lockedOutUserLogin" time="0.88"/>
  <testcase classname="tests.LoginTest" name="problemUser" time="0.821"/>
  <testcase classname="tests.LoginTest" name="successfulLogin" time="0.596"/>
  <testcase classname="tests.BaseTest" name="@BeforeSuite launchBrowser" time="0.0">
    <ignored/>
  </testcase> <!-- @BeforeSuite launchBrowser -->
  <testcase classname="tests.BaseTest" name="@AfterSuite closeBrowser" time="0.0">
    <ignored/>
  </testcase> <!-- @AfterSuite closeBrowser -->
</testsuite> <!-- Login Tests -->
