<?xml version="1.0" encoding="UTF-8"?>
<testng-results ignored="0" total="2" passed="2" failed="0" skipped="0">
  <reporter-output>
  </reporter-output>
  <suite started-at="2025-03-10T11:40:05 TRT" name="Sauce Demo Test Suite" finished-at="2025-03-10T11:40:08 TRT" duration-ms="3460">
    <groups>
    </groups>
    <test started-at="2025-03-10T11:40:05 TRT" name="Login Tests" finished-at="2025-03-10T11:40:08 TRT" duration-ms="3460">
      <class name="tests.LoginTest">
        <test-method is-config="true" signature="launchBrowser()[pri:0, instance:tests.LoginTest@67a20f67]" started-at="2025-03-10T11:37:35 TRT" name="launchBrowser" finished-at="2025-03-10T11:40:05 TRT" duration-ms="149333" status="PASS">
          <reporter-output>
          </reporter-output>
        </test-method> <!-- launchBrowser -->
        <test-method is-config="true" signature="createContext()[pri:0, instance:tests.LoginTest@67a20f67]" started-at="2025-03-10T11:40:05 TRT" name="createContext" finished-at="2025-03-10T11:40:06 TRT" duration-ms="847" status="PASS">
          <reporter-output>
          </reporter-output>
        </test-method> <!-- createContext -->
        <test-method signature="lockedOutUserLogin()[pri:0, instance:tests.LoginTest@67a20f67]" started-at="2025-03-10T11:40:06 TRT" name="lockedOutUserLogin" finished-at="2025-03-10T11:40:07 TRT" duration-ms="1080" status="PASS">
          <reporter-output>
          </reporter-output>
        </test-method> <!-- lockedOutUserLogin -->
        <test-method is-config="true" signature="closeContext()[pri:0, instance:tests.LoginTest@67a20f67]" started-at="2025-03-10T11:40:07 TRT" name="closeContext" finished-at="2025-03-10T11:40:07 TRT" duration-ms="62" status="PASS">
          <reporter-output>
          </reporter-output>
        </test-method> <!-- closeContext -->
        <test-method is-config="true" signature="createContext()[pri:0, instance:tests.LoginTest@67a20f67]" started-at="2025-03-10T11:40:07 TRT" name="createContext" finished-at="2025-03-10T11:40:07 TRT" duration-ms="568" status="PASS">
          <reporter-output>
          </reporter-output>
        </test-method> <!-- createContext -->
        <test-method signature="successfulLogin()[pri:0, instance:tests.LoginTest@67a20f67]" started-at="2025-03-10T11:40:07 TRT" name="successfulLogin" finished-at="2025-03-10T11:40:08 TRT" duration-ms="759" status="PASS">
          <reporter-output>
          </reporter-output>
        </test-method> <!-- successfulLogin -->
        <test-method is-config="true" signature="closeContext()[pri:0, instance:tests.LoginTest@67a20f67]" started-at="2025-03-10T11:40:08 TRT" name="closeContext" finished-at="2025-03-10T11:40:08 TRT" duration-ms="44" status="PASS">
          <reporter-output>
          </reporter-output>
        </test-method> <!-- closeContext -->
        <test-method is-config="true" signature="closeBrowser()[pri:0, instance:tests.LoginTest@67a20f67]" started-at="2025-03-10T11:40:09 TRT" name="closeBrowser" finished-at="2025-03-10T11:40:10 TRT" duration-ms="1088" status="PASS">
          <reporter-output>
          </reporter-output>
        </test-method> <!-- closeBrowser -->
      </class> <!-- tests.LoginTest -->
    </test> <!-- Login Tests -->
  </suite> <!-- Sauce Demo Test Suite -->
</testng-results>
